<?xml version="1.0" encoding="UTF-8"?>
<testng-results ignored="1" total="10" passed="7" failed="2" skipped="0">
  <reporter-output>
  </reporter-output>
  <suite started-at="2022-07-24T02:45:07 EET" name="All Test Suite" finished-at="2022-07-24T02:45:29 EET" duration-ms="21839">
    <groups>
      <group name="Smoke">
        <method signature="LoginFunction.test88()[pri:0, instance:rediff.com.LoginFunction@50378a4]" name="test88" class="rediff.com.LoginFunction"/>
      </group> <!-- Smoke -->
    </groups>
    <test started-at="2022-07-24T02:45:07 EET" name="Regression" finished-at="2022-07-24T02:45:29 EET" duration-ms="21839">
      <class name="rediff.com.LoginFunction">
        <test-method is-config="true" signature="before()[pri:0, instance:rediff.com.LoginFunction@50378a4]" started-at="2022-07-24T02:45:07 EET" name="before" finished-at="2022-07-24T02:45:14 EET" duration-ms="6406" status="PASS">
          <reporter-output>
          </reporter-output>
        </test-method> <!-- before -->
        <test-method signature="test1(java.lang.String,java.lang.String,java.lang.String)[pri:0, instance:rediff.com.LoginFunction@50378a4]" started-at="2022-07-24T02:45:14 EET" name="test1" data-provider="allUsers" finished-at="2022-07-24T02:45:18 EET" duration-ms="4017" status="PASS">
          <params>
            <param index="0">
              <value>
                <![CDATA[hmed.@gmail.com]]>
              </value>
            </param>
            <param index="1">
              <value>
                <![CDATA[A1hS#!25]]>
              </value>
            </param>
            <param index="2">
              <value>
                <![CDATA[valid]]>
              </value>
            </param>
          </params>
          <reporter-output>
          </reporter-output>
        </test-method> <!-- test1 -->
        <test-method signature="test1(java.lang.String,java.lang.String,java.lang.String)[pri:0, instance:rediff.com.LoginFunction@50378a4]" started-at="2022-07-24T02:45:18 EET" name="test1" data-provider="allUsers" finished-at="2022-07-24T02:45:19 EET" duration-ms="1398" status="FAIL">
          <params>
            <param index="0">
              <value>
                <![CDATA[Araafat.abdo@gmail.com]]>
              </value>
            </param>
            <param index="1">
              <value>
                <![CDATA[$!@)(#%@@]]>
              </value>
            </param>
            <param index="2">
              <value>
                <![CDATA[invalid]]>
              </value>
            </param>
          </params>
          <exception class="java.lang.AssertionError">
            <message>
              <![CDATA[alert message not found expected [Invalid email or password.] but found []]]>
            </message>
            <full-stacktrace>
              <![CDATA[java.lang.AssertionError: alert message not found expected [Invalid email or password.] but found []
at org.testng.Assert.fail(Assert.java:110)
at org.testng.Assert.failNotEquals(Assert.java:1413)
at org.testng.Assert.assertEqualsImpl(Assert.java:149)
at org.testng.Assert.assertEquals(Assert.java:131)
at org.testng.Assert.assertEquals(Assert.java:655)
at rediff.com.LoginFunction.test1(LoginFunction.java:47)
at java.base/jdk.internal.reflect.NativeMethodAccessorImpl.invoke0(Native Method)
at java.base/jdk.internal.reflect.NativeMethodAccessorImpl.invoke(NativeMethodAccessorImpl.java:77)
at java.base/jdk.internal.reflect.DelegatingMethodAccessorImpl.invoke(DelegatingMethodAccessorImpl.java:43)
at java.base/java.lang.reflect.Method.invoke(Method.java:568)
at org.testng.internal.invokers.MethodInvocationHelper.invokeMethod(MethodInvocationHelper.java:139)
at org.testng.internal.invokers.TestInvoker.invokeMethod(TestInvoker.java:677)
at org.testng.internal.invokers.TestInvoker.invokeTestMethod(TestInvoker.java:221)
at org.testng.internal.invokers.MethodRunner.runInSequence(MethodRunner.java:50)
at org.testng.internal.invokers.TestInvoker$MethodInvocationAgent.invoke(TestInvoker.java:962)
at org.testng.internal.invokers.TestInvoker.invokeTestMethods(TestInvoker.java:194)
at org.testng.internal.invokers.TestMethodWorker.invokeTestMethods(TestMethodWorker.java:148)
at org.testng.internal.invokers.TestMethodWorker.run(TestMethodWorker.java:128)
at java.base/java.util.concurrent.ThreadPoolExecutor.runWorker(ThreadPoolExecutor.java:1136)
at java.base/java.util.concurrent.ThreadPoolExecutor$Worker.run(ThreadPoolExecutor.java:635)
at java.base/java.lang.Thread.run(Thread.java:833)
]]>
            </full-stacktrace>
          </exception> <!-- java.lang.AssertionError -->
          <reporter-output>
          </reporter-output>
        </test-method> <!-- test1 -->
        <test-method signature="test1(java.lang.String,java.lang.String,java.lang.String)[pri:0, instance:rediff.com.LoginFunction@50378a4]" started-at="2022-07-24T02:45:20 EET" name="test1" data-provider="allUsers" finished-at="2022-07-24T02:45:21 EET" duration-ms="1378" status="FAIL">
          <params>
            <param index="0">
              <value>
                <![CDATA[mohamed@gmail.com]]>
              </value>
            </param>
            <param index="1">
              <value>
                <![CDATA[99999999999999999999999999999999999999]]>
              </value>
            </param>
            <param index="2">
              <value>
                <![CDATA[invalid]]>
              </value>
            </param>
          </params>
          <exception class="java.lang.AssertionError">
            <message>
              <![CDATA[alert message not found expected [Invalid email or password.] but found []]]>
            </message>
            <full-stacktrace>
              <![CDATA[java.lang.AssertionError: alert message not found expected [Invalid email or password.] but found []
at org.testng.Assert.fail(Assert.java:110)
at org.testng.Assert.failNotEquals(Assert.java:1413)
at org.testng.Assert.assertEqualsImpl(Assert.java:149)
at org.testng.Assert.assertEquals(Assert.java:131)
at org.testng.Assert.assertEquals(Assert.java:655)
at rediff.com.LoginFunction.test1(LoginFunction.java:47)
at java.base/jdk.internal.reflect.NativeMethodAccessorImpl.invoke0(Native Method)
at java.base/jdk.internal.reflect.NativeMethodAccessorImpl.invoke(NativeMethodAccessorImpl.java:77)
at java.base/jdk.internal.reflect.DelegatingMethodAccessorImpl.invoke(DelegatingMethodAccessorImpl.java:43)
at java.base/java.lang.reflect.Method.invoke(Method.java:568)
at org.testng.internal.invokers.MethodInvocationHelper.invokeMethod(MethodInvocationHelper.java:139)
at org.testng.internal.invokers.TestInvoker.invokeMethod(TestInvoker.java:677)
at org.testng.internal.invokers.TestInvoker.invokeTestMethod(TestInvoker.java:221)
at org.testng.internal.invokers.MethodRunner.runInSequence(MethodRunner.java:50)
at org.testng.internal.invokers.TestInvoker$MethodInvocationAgent.invoke(TestInvoker.java:962)
at org.testng.internal.invokers.TestInvoker.invokeTestMethods(TestInvoker.java:194)
at org.testng.internal.invokers.TestMethodWorker.invokeTestMethods(TestMethodWorker.java:148)
at org.testng.internal.invokers.TestMethodWorker.run(TestMethodWorker.java:128)
at java.base/java.util.concurrent.ThreadPoolExecutor.runWorker(ThreadPoolExecutor.java:1136)
at java.base/java.util.concurrent.ThreadPoolExecutor$Worker.run(ThreadPoolExecutor.java:635)
at java.base/java.lang.Thread.run(Thread.java:833)
]]>
            </full-stacktrace>
          </exception> <!-- java.lang.AssertionError -->
          <reporter-output>
          </reporter-output>
        </test-method> <!-- test1 -->
        <test-method signature="test1(java.lang.String,java.lang.String,java.lang.String)[pri:0, instance:rediff.com.LoginFunction@50378a4]" started-at="2022-07-24T02:45:21 EET" name="test1" data-provider="allUsers" finished-at="2022-07-24T02:45:22 EET" duration-ms="1115" status="PASS">
          <params>
            <param index="0">
              <value>
                <![CDATA[mohagmail.com]]>
              </value>
            </param>
            <param index="1">
              <value>
                <![CDATA[guyg54@d]]>
              </value>
            </param>
            <param index="2">
              <value>
                <![CDATA[invalid]]>
              </value>
            </param>
          </params>
          <reporter-output>
          </reporter-output>
        </test-method> <!-- test1 -->
        <test-method signature="test1(java.lang.String,java.lang.String,java.lang.String)[pri:0, instance:rediff.com.LoginFunction@50378a4]" started-at="2022-07-24T02:45:22 EET" name="test1" data-provider="allUsers" finished-at="2022-07-24T02:45:23 EET" duration-ms="1155" status="PASS">
          <params>
            <param index="0">
              <value>
                <![CDATA[mohamed@gmail.com]]>
              </value>
            </param>
            <param index="1">
              <value>
                <![CDATA[]]>
              </value>
            </param>
            <param index="2">
              <value>
                <![CDATA[invalid]]>
              </value>
            </param>
          </params>
          <reporter-output>
          </reporter-output>
        </test-method> <!-- test1 -->
        <test-method signature="test1(java.lang.String,java.lang.String,java.lang.String)[pri:0, instance:rediff.com.LoginFunction@50378a4]" started-at="2022-07-24T02:45:23 EET" name="test1" data-provider="allUsers" finished-at="2022-07-24T02:45:24 EET" duration-ms="1047" status="PASS">
          <params>
            <param index="0">
              <value>
                <![CDATA[]]>
              </value>
            </param>
            <param index="1">
              <value>
                <![CDATA[guyg54@d]]>
              </value>
            </param>
            <param index="2">
              <value>
                <![CDATA[invalid]]>
              </value>
            </param>
          </params>
          <reporter-output>
          </reporter-output>
        </test-method> <!-- test1 -->
        <test-method signature="test49()[pri:0, instance:rediff.com.LoginFunction@50378a4]" started-at="2022-07-24T02:45:24 EET" name="test49" finished-at="2022-07-24T02:45:25 EET" duration-ms="453" status="PASS">
          <reporter-output>
          </reporter-output>
        </test-method> <!-- test49 -->
        <test-method signature="test88()[pri:0, instance:rediff.com.LoginFunction@50378a4]" started-at="2022-07-24T02:45:25 EET" name="test88" finished-at="2022-07-24T02:45:27 EET" duration-ms="2165" status="PASS">
          <reporter-output>
          </reporter-output>
        </test-method> <!-- test88 -->
        <test-method signature="test99()[pri:0, instance:rediff.com.LoginFunction@50378a4]" started-at="2022-07-24T02:45:27 EET" name="test99" finished-at="2022-07-24T02:45:28 EET" duration-ms="578" status="PASS">
          <reporter-output>
          </reporter-output>
        </test-method> <!-- test99 -->
        <test-method is-config="true" signature="postConditions()[pri:0, instance:rediff.com.LoginFunction@50378a4]" started-at="2022-07-24T02:45:28 EET" name="postConditions" finished-at="2022-07-24T02:45:29 EET" duration-ms="1433" status="PASS">
          <reporter-output>
          </reporter-output>
        </test-method> <!-- postConditions -->
      </class> <!-- rediff.com.LoginFunction -->
    </test> <!-- Regression -->
  </suite> <!-- All Test Suite -->
</testng-results>
