<?xml version="1.0" encoding="UTF-8"?>
<testsuite xmlns:xsi="http://www.w3.org/2001/XMLSchema-instance" xsi:noNamespaceSchemaLocation="https://maven.apache.org/surefire/maven-surefire-plugin/xsd/surefire-test-report-3.0.xsd" version="3.0" name="TestSuite" time="204.614" tests="19" errors="0" skipped="0" failures="3">
  <properties>
[...]
</properties>
  <testcase name="createAccountValidation" classname="automationPracticeTest.FE.LoginFeature" time="19.823">
    <system-out><![CDATA[03:08:06.210 [TestNG-test=Regression-2] INFO  testBase.TestBase - navigated to LoginPage
03:08:06.410 [TestNG-test=Regression-2] INFO  testBase.TestBase - entered a new email to create an account 
03:08:11.231 [TestNG-test=Regression-2] INFO  testBase.TestBase - navigated to signupPage
15/10/1993
Date: 15/10/1993 selected
03:08:12.582 [TestNG-test=Regression-2] INFO  testBase.TestBase - entered personal data 
03:08:13.277 [TestNG-test=Regression-2] INFO  testBase.TestBase - entered address and contact data
03:08:21.510 [TestNG-test=Regression-2] INFO  testBase.TestBase - Account created successfully
]]></system-out>
    <system-err><![CDATA[[TestNG-test=Regression-1] INFO io.github.bonigarcia.wdm.WebDriverManager - Using chromedriver 104.0.5112.79 (resolved driver for Chrome 104)
[TestNG-test=Regression-2] INFO io.github.bonigarcia.wdm.WebDriverManager - Using chromedriver 104.0.5112.79 (resolved driver for Chrome 104)
[TestNG-test=Regression-2] INFO io.github.bonigarcia.wdm.WebDriverManager - Exporting webdriver.chrome.driver as C:\Users\BluRay\.cache\selenium\chromedriver\win32\104.0.5112.79\chromedriver.exe
[TestNG-test=Regression-1] INFO io.github.bonigarcia.wdm.WebDriverManager - Exporting webdriver.chrome.driver as C:\Users\BluRay\.cache\selenium\chromedriver\win32\104.0.5112.79\chromedriver.exe
Starting ChromeDriver 104.0.5112.79 (3cf3e8c8a07d104b9e1260c910efb8f383285dc5-refs/branch-heads/5112@{#1307}) on port 51917
Only local cSotnanercttiionngs  Carher oamlleoDwreidv.e
r P1le0a4s.e 0.s5e1e1 2h.t79t p(s3c:f//3ceh8rco8meadr07idv1e0r4.bc9he1r2om6i0cu9m.1o0erfg/bs8fec3ur8i3ty2-8co5ndscide5r-arteiofnss/ bfroarn chs-huegagdess/5t1i1o2n@s{ #o13n0 k7e})e poinn gp Cohrrto m4e9D7ri7v9er
 Osnlayfe .loc
al connections are allowed.
Please see https://chromedriver.chromium.org/security-considerations for suggestions on keeping CChhrromoemDerDirvievre sra few.as
 started successfully.
ChromeDriver was started successfully.
Aug 27, 2022 3:07:53 AM org.openqa.selenium.remote.ProtocolHandshake createSession
INFO: Detected upstream dialect: W3C
Aug 27, 2022 3:07:53 AM org.openqa.selenium.remote.ProtocolHandshake createSession
INFO: Detected upstream dialect: W3C
Aug 27, 2022 3:07:54 AM org.openqa.selenium.devtools.CdpVersionFinder findNearestMatch
INFO: Found exact CDP implementation for version 104
Aug 27, 2022 3:07:54 AM org.openqa.selenium.devtools.CdpVersionFinder findNearestMatch
INFO: Found exact CDP implementation for version 104
]]></system-err>
  </testcase>
  <testcase name="loginValidation[test8888@gmail.com, A1hS#!25, valid, Welcome to your account. Here you can manage all of your personal information and orders.](1)" classname="automationPracticeTest.FE.LoginFeature" time="25.291">
    <system-out><![CDATA[03:08:37.000 [TestNG-test=Regression-2] INFO  testBase.TestBase - navigated to login page
03:08:37.147 [TestNG-test=Regression-2] INFO  testBase.TestBase - entered an username
03:08:37.290 [TestNG-test=Regression-2] INFO  testBase.TestBase - entered a password
03:08:44.157 [TestNG-test=Regression-2] INFO  testBase.TestBase - submitted login
03:08:46.819 [TestNG-test=Regression-2] INFO  testBase.TestBase - logged in successfully with valid data
]]></system-out>
  </testcase>
  <testcase name="loginValidation[Araafat.abdo@gmail.com, $!@)(#%@@, invalid, Authentication failed.](2)" classname="automationPracticeTest.FE.LoginFeature" time="15.218">
    <system-out><![CDATA[03:09:00.827 [TestNG-test=Regression-2] INFO  testBase.TestBase - navigated to login page
03:09:01.003 [TestNG-test=Regression-2] INFO  testBase.TestBase - entered an username
03:09:01.155 [TestNG-test=Regression-2] INFO  testBase.TestBase - entered a password
03:09:02.941 [TestNG-test=Regression-2] INFO  testBase.TestBase - submitted login
03:09:03.144 [TestNG-test=Regression-2] INFO  testBase.TestBase - can not log in using invalid data
]]></system-out>
  </testcase>
  <testcase name="loginValidation[nasr@gmail.com, 99999999999999999999999999999999999999, invalid, Authentication failed.](3)" classname="automationPracticeTest.FE.LoginFeature" time="6.365">
    <system-out><![CDATA[03:09:06.473 [TestNG-test=Regression-2] INFO  testBase.TestBase - navigated to login page
03:09:06.634 [TestNG-test=Regression-2] INFO  testBase.TestBase - entered an username
03:09:06.840 [TestNG-test=Regression-2] INFO  testBase.TestBase - entered a password
03:09:09.347 [TestNG-test=Regression-2] INFO  testBase.TestBase - submitted login
03:09:09.509 [TestNG-test=Regression-2] INFO  testBase.TestBase - can not log in using invalid data
]]></system-out>
  </testcase>
  <testcase name="loginValidation[moagmail.com, guyg54@d, invalid, Invalid email address.](4)" classname="automationPracticeTest.FE.LoginFeature" time="4.509">
    <system-out><![CDATA[03:09:12.400 [TestNG-test=Regression-2] INFO  testBase.TestBase - navigated to login page
03:09:12.500 [TestNG-test=Regression-2] INFO  testBase.TestBase - entered an username
03:09:12.589 [TestNG-test=Regression-2] INFO  testBase.TestBase - entered a password
03:09:13.853 [TestNG-test=Regression-2] INFO  testBase.TestBase - submitted login
03:09:14.020 [TestNG-test=Regression-2] INFO  testBase.TestBase - can not log in using invalid data
]]></system-out>
  </testcase>
  <testcase name="loginValidation[test8888@gmail.com, , invalid, Password is required.](5)" classname="automationPracticeTest.FE.LoginFeature" time="5.503">
    <system-out><![CDATA[03:09:17.707 [TestNG-test=Regression-2] INFO  testBase.TestBase - navigated to login page
03:09:17.804 [TestNG-test=Regression-2] INFO  testBase.TestBase - entered an username
03:09:17.884 [TestNG-test=Regression-2] INFO  testBase.TestBase - entered a password
03:09:19.356 [TestNG-test=Regression-2] INFO  testBase.TestBase - submitted login
03:09:19.524 [TestNG-test=Regression-2] INFO  testBase.TestBase - can not log in using invalid data
]]></system-out>
  </testcase>
  <testcase name="loginValidation[, A1hS#!25, invalid, An email address required.](6)" classname="automationPracticeTest.FE.LoginFeature" time="2.313">
    <system-out><![CDATA[03:09:24.635 [TestNG-test=Regression-2] INFO  testBase.TestBase - navigated to login page
03:09:24.730 [TestNG-test=Regression-2] INFO  testBase.TestBase - entered an username
03:09:24.834 [TestNG-test=Regression-2] INFO  testBase.TestBase - entered a password
03:09:26.336 [TestNG-test=Regression-2] INFO  testBase.TestBase - submitted login
03:09:26.471 [TestNG-test=Regression-2] INFO  testBase.TestBase - can not log in using invalid data
]]></system-out>
  </testcase>
  <testcase name="loginValidation[, , invalid, An email address required.](7)" classname="automationPracticeTest.FE.LoginFeature" time="11.373">
    <system-out><![CDATA[03:09:32.843 [TestNG-test=Regression-2] INFO  testBase.TestBase - navigated to login page
03:09:32.934 [TestNG-test=Regression-2] INFO  testBase.TestBase - entered an username
03:09:33.033 [TestNG-test=Regression-2] INFO  testBase.TestBase - entered a password
03:09:37.699 [TestNG-test=Regression-2] INFO  testBase.TestBase - submitted login
03:09:37.845 [TestNG-test=Regression-2] INFO  testBase.TestBase - can not log in using invalid data
]]></system-out>
  </testcase>
  <testcase name="accountCreationUsingInvalidPersonalData[, firstname is required, , lastname is required, , email is required., , passwd is required., , ](1)" classname="automationPracticeTest.FE.LoginFeature" time="16.511">
    <system-out><![CDATA[03:09:45.411 [TestNG-test=Regression-2] INFO  testBase.TestBase - entered an new random email
03:09:49.711 [TestNG-test=Regression-2] INFO  testBase.TestBase - Navigated to signup page

Date:  selected
03:09:51.098 [TestNG-test=Regression-2] INFO  testBase.TestBase - entered invalid personal data
03:09:54.427 [TestNG-test=Regression-2] INFO  testBase.TestBase - all expected messages have been verified
]]></system-out>
  </testcase>
  <testcase name="accountCreationUsingInvalidPersonalData[9999999999, firstname is invalid., 88888888885, lastname is invalid., raadelkader.gmail.com, email is invalid., 123, passwd is invalid., 15//1993, Invalid date of birth](2)" classname="automationPracticeTest.FE.LoginFeature" time="12.77">
    <system-out><![CDATA[03:10:00.241 [TestNG-test=Regression-2] INFO  testBase.TestBase - entered an new random email
03:10:03.963 [TestNG-test=Regression-2] INFO  testBase.TestBase - Navigated to signup page
15//1993
Date: 15//1993 selected
03:10:05.291 [TestNG-test=Regression-2] INFO  testBase.TestBase - entered invalid personal data
03:10:07.181 [TestNG-test=Regression-2] INFO  testBase.TestBase - all expected messages have been verified
]]></system-out>
  </testcase>
  <testcase name="accountCreationUsingInvalidPersonalData[!#?//?@//, firstname is invalid., !#?//?@//, lastname is invalid., test@, email is invalid., /999999999999999999999999999999999999999999999999999999999999999, passwd is too long. Maximum length: 32, /10/1994, Invalid date of birth](3)" classname="automationPracticeTest.FE.LoginFeature" time="11.903">
    <system-out><![CDATA[03:10:13.649 [TestNG-test=Regression-2] INFO  testBase.TestBase - entered an new random email
03:10:18.320 [TestNG-test=Regression-2] INFO  testBase.TestBase - Navigated to signup page
/10/1994
Date: /10/1994 selected
03:10:20.040 [TestNG-test=Regression-2] INFO  testBase.TestBase - entered invalid personal data
03:10:22.220 [TestNG-test=Regression-2] INFO  testBase.TestBase - all expected messages have been verified
]]></system-out>
  </testcase>
  <testcase name="accountCreationUsingInvalidPersonalData[15.15.1998, firstname is invalid., 15.15.1998, lastname is invalid., 77777, email is invalid., x, passwd is invalid., 15/10/, Invalid date of birth](4)" classname="automationPracticeTest.FE.LoginFeature" time="21.546">
    <system-out><![CDATA[03:10:31.420 [TestNG-test=Regression-2] INFO  testBase.TestBase - entered an new random email
03:10:37.484 [TestNG-test=Regression-2] INFO  testBase.TestBase - Navigated to signup page
15/10/
Date: 15/10/ selected
03:10:39.054 [TestNG-test=Regression-2] INFO  testBase.TestBase - entered invalid personal data
03:10:43.766 [TestNG-test=Regression-2] INFO  testBase.TestBase - all expected messages have been verified
]]></system-out>
  </testcase>
  <testcase name="loginWithDataCreated" classname="automationPracticeTest.FE.LoginFeature" time="14.864">
    <system-out><![CDATA[03:10:48.991 [TestNG-test=Regression-3] INFO  testBase.TestBase - navigated to login page
03:10:54.546 [TestNG-test=Regression-3] INFO  testBase.TestBase - Login submitted
03:10:58.636 [TestNG-test=Regression-3] INFO  testBase.TestBase - user logged in successfully
]]></system-out>
  </testcase>
  <testcase name="accountCreationUsingRegisteredEmail" classname="automationPracticeTest.FE.LoginFeature" time="5.641">
    <system-out><![CDATA[03:11:06.435 [TestNG-test=Regression-3] INFO  testBase.TestBase - navigated to LoginPage
03:11:06.586 [TestNG-test=Regression-3] INFO  testBase.TestBase - Entered a registered email
03:11:06.677 [TestNG-test=Regression-3] INFO  testBase.TestBase - submitted account creation
03:11:07.831 [TestNG-test=Regression-3] INFO  testBase.TestBase - Error message displayed
03:11:07.980 [TestNG-test=Regression-3] INFO  testBase.TestBase - entered an new random email
03:11:08.034 [TestNG-test=Regression-3] INFO  testBase.TestBase - submitted account creation
03:11:10.063 [TestNG-test=Regression-3] INFO  testBase.TestBase - changed the default email value to a registered email after navigation to signup page
03:11:11.720 [TestNG-test=Regression-3] INFO  testBase.TestBase - submitted account creation
03:11:11.784 [TestNG-test=Regression-3] INFO  testBase.TestBase - Error message displayed
]]></system-out>
  </testcase>
  <testcase name="AddToCartFunctionality" classname="automationPracticeTest.FE.ProductPurchase" time="1.106">
    <failure message="product added to the cart can not be found expected [1] but found [0]" type="java.lang.AssertionError"><![CDATA[java.lang.AssertionError: product added to the cart can not be found expected [1] but found [0]
	at org.testng.Assert.fail(Assert.java:110)
	at org.testng.Assert.failNotEquals(Assert.java:1413)
	at org.testng.Assert.assertEqualsImpl(Assert.java:149)
	at org.testng.Assert.assertEquals(Assert.java:131)
	at org.testng.Assert.assertEquals(Assert.java:1252)
	at automationPracticeTest.FE.ProductPurchase.AddToCartFunctionality(ProductPurchase.java:129)
	at java.base/jdk.internal.reflect.NativeMethodAccessorImpl.invoke0(Native Method)
	at java.base/jdk.internal.reflect.NativeMethodAccessorImpl.invoke(NativeMethodAccessorImpl.java:77)
	at java.base/jdk.internal.reflect.DelegatingMethodAccessorImpl.invoke(DelegatingMethodAccessorImpl.java:43)
	at java.base/java.lang.reflect.Method.invoke(Method.java:568)
	at org.testng.internal.invokers.MethodInvocationHelper.invokeMethod(MethodInvocationHelper.java:139)
	at org.testng.internal.invokers.TestInvoker.invokeMethod(TestInvoker.java:677)
	at org.testng.internal.invokers.TestInvoker.invokeTestMethod(TestInvoker.java:221)
	at org.testng.internal.invokers.MethodRunner.runInSequence(MethodRunner.java:50)
	at org.testng.internal.invokers.TestInvoker$MethodInvocationAgent.invoke(TestInvoker.java:962)
	at org.testng.internal.invokers.TestInvoker.invokeTestMethods(TestInvoker.java:194)
	at org.testng.internal.invokers.TestMethodWorker.invokeTestMethods(TestMethodWorker.java:148)
	at org.testng.internal.invokers.TestMethodWorker.run(TestMethodWorker.java:128)
	at java.base/java.util.concurrent.ThreadPoolExecutor.runWorker(ThreadPoolExecutor.java:1136)
	at java.base/java.util.concurrent.ThreadPoolExecutor$Worker.run(ThreadPoolExecutor.java:635)
	at java.base/java.lang.Thread.run(Thread.java:833)
]]></failure>
    <system-out><![CDATA[Took a screenshot: C:\projects\E2E_Demo_Project/scrShots/failedTCs/AddToCartFunctionality.png
C:\projects\E2E_Demo_Project/scrShots/failedTCs/AddToCartFunctionality.png
]]></system-out>
  </testcase>
  <testcase name="productQuantityValidation" classname="automationPracticeTest.FE.ProductPurchase" time="4.631">
    <failure message="expected [Negative quantity.] but found [null]" type="java.lang.AssertionError"><![CDATA[java.lang.AssertionError: expected [Negative quantity.] but found [null]
	at org.testng.Assert.fail(Assert.java:110)
	at org.testng.Assert.failNotEquals(Assert.java:1413)
	at org.testng.Assert.assertEqualsImpl(Assert.java:149)
	at org.testng.Assert.assertEquals(Assert.java:131)
	at org.testng.Assert.assertEquals(Assert.java:655)
	at org.testng.Assert.assertEquals(Assert.java:665)
	at automationPracticeTest.FE.ProductPurchase.productQuantityValidation(ProductPurchase.java:108)
	at java.base/jdk.internal.reflect.NativeMethodAccessorImpl.invoke0(Native Method)
	at java.base/jdk.internal.reflect.NativeMethodAccessorImpl.invoke(NativeMethodAccessorImpl.java:77)
	at java.base/jdk.internal.reflect.DelegatingMethodAccessorImpl.invoke(DelegatingMethodAccessorImpl.java:43)
	at java.base/java.lang.reflect.Method.invoke(Method.java:568)
	at org.testng.internal.invokers.MethodInvocationHelper.invokeMethod(MethodInvocationHelper.java:139)
	at org.testng.internal.invokers.TestInvoker.invokeMethod(TestInvoker.java:677)
	at org.testng.internal.invokers.TestInvoker.invokeTestMethod(TestInvoker.java:221)
	at org.testng.internal.invokers.MethodRunner.runInSequence(MethodRunner.java:50)
	at org.testng.internal.invokers.TestInvoker$MethodInvocationAgent.invoke(TestInvoker.java:962)
	at org.testng.internal.invokers.TestInvoker.invokeTestMethods(TestInvoker.java:194)
	at org.testng.internal.invokers.TestMethodWorker.invokeTestMethods(TestMethodWorker.java:148)
	at org.testng.internal.invokers.TestMethodWorker.run(TestMethodWorker.java:128)
	at java.base/java.util.concurrent.ThreadPoolExecutor.runWorker(ThreadPoolExecutor.java:1136)
	at java.base/java.util.concurrent.ThreadPoolExecutor$Worker.run(ThreadPoolExecutor.java:635)
	at java.base/java.lang.Thread.run(Thread.java:833)
]]></failure>
    <system-out><![CDATA[Error message not displayed. product added to cart
Took a screenshot: C:\projects\E2E_Demo_Project/scrShots/failedTCs/productQuantityValidation.png
C:\projects\E2E_Demo_Project/scrShots/failedTCs/productQuantityValidation.png
]]></system-out>
  </testcase>
  <testcase name="validationOfProductSorting" classname="automationPracticeTest.FE.ProductPurchase" time="3.121">
    <failure message="Products should be in a descending order expected [true] but found [false]" type="java.lang.AssertionError"><![CDATA[java.lang.AssertionError: Products should be in a descending order expected [true] but found [false]
	at org.testng.Assert.fail(Assert.java:110)
	at org.testng.Assert.failNotEquals(Assert.java:1413)
	at org.testng.Assert.assertTrue(Assert.java:56)
	at automationPracticeTest.FE.ProductPurchase.validationOfProductSorting(ProductPurchase.java:91)
	at java.base/jdk.internal.reflect.NativeMethodAccessorImpl.invoke0(Native Method)
	at java.base/jdk.internal.reflect.NativeMethodAccessorImpl.invoke(NativeMethodAccessorImpl.java:77)
	at java.base/jdk.internal.reflect.DelegatingMethodAccessorImpl.invoke(DelegatingMethodAccessorImpl.java:43)
	at java.base/java.lang.reflect.Method.invoke(Method.java:568)
	at org.testng.internal.invokers.MethodInvocationHelper.invokeMethod(MethodInvocationHelper.java:139)
	at org.testng.internal.invokers.TestInvoker.invokeMethod(TestInvoker.java:677)
	at org.testng.internal.invokers.TestInvoker.invokeTestMethod(TestInvoker.java:221)
	at org.testng.internal.invokers.MethodRunner.runInSequence(MethodRunner.java:50)
	at org.testng.internal.invokers.TestInvoker$MethodInvocationAgent.invoke(TestInvoker.java:962)
	at org.testng.internal.invokers.TestInvoker.invokeTestMethods(TestInvoker.java:194)
	at org.testng.internal.invokers.TestMethodWorker.invokeTestMethods(TestMethodWorker.java:148)
	at org.testng.internal.invokers.TestMethodWorker.run(TestMethodWorker.java:128)
	at java.base/java.util.concurrent.ThreadPoolExecutor.runWorker(ThreadPoolExecutor.java:1136)
	at java.base/java.util.concurrent.ThreadPoolExecutor$Worker.run(ThreadPoolExecutor.java:635)
	at java.base/java.lang.Thread.run(Thread.java:833)
]]></failure>
    <system-out><![CDATA[List is not in a descending order
Took a screenshot: C:\projects\E2E_Demo_Project/scrShots/failedTCs/validationOfProductSorting.png
C:\projects\E2E_Demo_Project/scrShots/failedTCs/validationOfProductSorting.png
]]></system-out>
  </testcase>
  <testcase name="productPurchase_E2E" classname="automationPracticeTest.FE.ProductPurchase" time="7.503"/>
  <testcase name="validateDownloadingInvoicePDF" classname="automationPracticeTest.FE.ProductPurchase" time="7.543">
    <system-out><![CDATA[file deleted: C:\projects\E2E_Demo_Project\download\IN238858.pdf
]]></system-out>
  </testcase>
</testsuite>