<?xml version="1.0" encoding="UTF-8"?>
<testsuite xmlns:xsi="http://www.w3.org/2001/XMLSchema-instance" xsi:noNamespaceSchemaLocation="https://maven.apache.org/surefire/maven-surefire-plugin/xsd/surefire-test-report-3.0.xsd" version="3.0" name="TestSuite" time="23.383" tests="9" errors="0" skipped="0" failures="2">
  <properties>
[...]
</properties>
  <testcase name="test1[hmed.@gmail.com, A1hS#!25, valid](1)" classname="rediff.com.LoginFunction" time="4.045">
    <system-err><![CDATA[Jul 24, 2022 2:45:07 AM org.openqa.selenium.remote.tracing.opentelemetry.OpenTelemetryTracer createTracer
INFO: Using OpenTelemetry for tracing
Jul 24, 2022 2:45:14 AM org.openqa.selenium.remote.ProtocolHandshake createSession
INFO: Detected upstream dialect: W3C
]]></system-err>
  </testcase>
  <testcase name="test1[Araafat.abdo@gmail.com, $!@)(#%@@, invalid](2)" classname="rediff.com.LoginFunction" time="1.711">
    <failure message="alert message not found expected [Invalid email or password.] but found []" type="java.lang.AssertionError"><![CDATA[java.lang.AssertionError: alert message not found expected [Invalid email or password.] but found []
	at org.testng.Assert.fail(Assert.java:110)
	at org.testng.Assert.failNotEquals(Assert.java:1413)
	at org.testng.Assert.assertEqualsImpl(Assert.java:149)
	at org.testng.Assert.assertEquals(Assert.java:131)
	at org.testng.Assert.assertEquals(Assert.java:655)
	at rediff.com.LoginFunction.test1(LoginFunction.java:47)
	at java.base/jdk.internal.reflect.NativeMethodAccessorImpl.invoke0(Native Method)
	at java.base/jdk.internal.reflect.NativeMethodAccessorImpl.invoke(NativeMethodAccessorImpl.java:77)
	at java.base/jdk.internal.reflect.DelegatingMethodAccessorImpl.invoke(DelegatingMethodAccessorImpl.java:43)
	at java.base/java.lang.reflect.Method.invoke(Method.java:568)
	at org.testng.internal.invokers.MethodInvocationHelper.invokeMethod(MethodInvocationHelper.java:139)
	at org.testng.internal.invokers.TestInvoker.invokeMethod(TestInvoker.java:677)
	at org.testng.internal.invokers.TestInvoker.invokeTestMethod(TestInvoker.java:221)
	at org.testng.internal.invokers.MethodRunner.runInSequence(MethodRunner.java:50)
	at org.testng.internal.invokers.TestInvoker$MethodInvocationAgent.invoke(TestInvoker.java:962)
	at org.testng.internal.invokers.TestInvoker.invokeTestMethods(TestInvoker.java:194)
	at org.testng.internal.invokers.TestMethodWorker.invokeTestMethods(TestMethodWorker.java:148)
	at org.testng.internal.invokers.TestMethodWorker.run(TestMethodWorker.java:128)
	at java.base/java.util.concurrent.ThreadPoolExecutor.runWorker(ThreadPoolExecutor.java:1136)
	at java.base/java.util.concurrent.ThreadPoolExecutor$Worker.run(ThreadPoolExecutor.java:635)
	at java.base/java.lang.Thread.run(Thread.java:833)
]]></failure>
    <system-out><![CDATA[Took a screenshot: c:\projects\E2E_Project_Grid/scrShots/failedTCs/test1.png
c:\projects\E2E_Project_Grid/scrShots/failedTCs/test1.png
]]></system-out>
  </testcase>
  <testcase name="test1[mohamed@gmail.com, 99999999999999999999999999999999999999, invalid](3)" classname="rediff.com.LoginFunction" time="1.634">
    <failure message="alert message not found expected [Invalid email or password.] but found []" type="java.lang.AssertionError"><![CDATA[java.lang.AssertionError: alert message not found expected [Invalid email or password.] but found []
	at org.testng.Assert.fail(Assert.java:110)
	at org.testng.Assert.failNotEquals(Assert.java:1413)
	at org.testng.Assert.assertEqualsImpl(Assert.java:149)
	at org.testng.Assert.assertEquals(Assert.java:131)
	at org.testng.Assert.assertEquals(Assert.java:655)
	at rediff.com.LoginFunction.test1(LoginFunction.java:47)
	at java.base/jdk.internal.reflect.NativeMethodAccessorImpl.invoke0(Native Method)
	at java.base/jdk.internal.reflect.NativeMethodAccessorImpl.invoke(NativeMethodAccessorImpl.java:77)
	at java.base/jdk.internal.reflect.DelegatingMethodAccessorImpl.invoke(DelegatingMethodAccessorImpl.java:43)
	at java.base/java.lang.reflect.Method.invoke(Method.java:568)
	at org.testng.internal.invokers.MethodInvocationHelper.invokeMethod(MethodInvocationHelper.java:139)
	at org.testng.internal.invokers.TestInvoker.invokeMethod(TestInvoker.java:677)
	at org.testng.internal.invokers.TestInvoker.invokeTestMethod(TestInvoker.java:221)
	at org.testng.internal.invokers.MethodRunner.runInSequence(MethodRunner.java:50)
	at org.testng.internal.invokers.TestInvoker$MethodInvocationAgent.invoke(TestInvoker.java:962)
	at org.testng.internal.invokers.TestInvoker.invokeTestMethods(TestInvoker.java:194)
	at org.testng.internal.invokers.TestMethodWorker.invokeTestMethods(TestMethodWorker.java:148)
	at org.testng.internal.invokers.TestMethodWorker.run(TestMethodWorker.java:128)
	at java.base/java.util.concurrent.ThreadPoolExecutor.runWorker(ThreadPoolExecutor.java:1136)
	at java.base/java.util.concurrent.ThreadPoolExecutor$Worker.run(ThreadPoolExecutor.java:635)
	at java.base/java.lang.Thread.run(Thread.java:833)
]]></failure>
    <system-out><![CDATA[Took a screenshot: c:\projects\E2E_Project_Grid/scrShots/failedTCs/test1.png
c:\projects\E2E_Project_Grid/scrShots/failedTCs/test1.png
]]></system-out>
  </testcase>
  <testcase name="test1[mohagmail.com, guyg54@d, invalid](4)" classname="rediff.com.LoginFunction" time="1.116"/>
  <testcase name="test1[mohamed@gmail.com, , invalid](5)" classname="rediff.com.LoginFunction" time="1.155"/>
  <testcase name="test1[, guyg54@d, invalid](6)" classname="rediff.com.LoginFunction" time="1.045"/>
  <testcase name="test49" classname="rediff.com.LoginFunction" time="0.453">
    <system-out><![CDATA[WebServices Testing using SoapUI
]]></system-out>
  </testcase>
  <testcase name="test88" classname="rediff.com.LoginFunction" time="2.17"/>
  <testcase name="test99" classname="rediff.com.LoginFunction" time="0.577">
    <system-out><![CDATA[WebServices Testing using SoapUI
]]></system-out>
  </testcase>
</testsuite>