<?xml version="1.0" encoding="UTF-8"?>
<!-- Generated by org.testng.reporters.JUnitXMLReporter -->
<testsuite ignored="0" hostname="DESKTOP-VIEGQI7" failures="0" tests="4" name="Regression" time="37.513" errors="0" timestamp="2022-07-30T19:50:09 EET">
  <testcase classname="automationPracticeTest.UI.LoginFeature" name="accountCreationUsingInvalidPersonalData" time="0.017"/>
  <testcase classname="automationPracticeTest.UI.LoginFeature" name="createAccount" time="13.439"/>
  <testcase classname="automationPracticeTest.UI.LoginFeature" name="accountCreationUsingRegisteredEmail" time="11.567"/>
  <testcase classname="automationPracticeTest.UI.LoginFeature" name="loginWithRegisteredData" time="6.124"/>
</testsuite> <!-- Regression -->
