<?xml version="1.0" encoding="UTF-8"?>
<!-- Generated by org.testng.reporters.JUnitXMLReporter -->
<testsuite ignored="0" hostname="DESKTOP-VIEGQI7" failures="3" tests="19" name="Regression" time="455.296" errors="0" timestamp="2022-08-30T19:10:35 EET">
  <testcase classname="automationPracticeTest.FE.LoginFeature" name="createAccountValidation" time="40.938"/>
  <testcase classname="automationPracticeTest.FE.ProductPurchase" name="AddToCartFunctionality" time="110.657">
    <failure type="java.lang.AssertionError" message="product added to the cart can not be found expected [1] but found [0]">
      <![CDATA[java.lang.AssertionError: product added to the cart can not be found expected [1] but found [0]
at automationPracticeTest.FE.ProductPurchase.AddToCartFunctionality(ProductPurchase.java:129)
at java.base/java.util.concurrent.ThreadPoolExecutor.runWorker(ThreadPoolExecutor.java:1136)
at java.base/java.util.concurrent.ThreadPoolExecutor$Worker.run(ThreadPoolExecutor.java:635)
at java.base/java.lang.Thread.run(Thread.java:833)
... Removed 17 stack frames]]>
    </failure>
  </testcase> <!-- AddToCartFunctionality -->
  <testcase classname="automationPracticeTest.FE.LoginFeature" name="loginValidation" time="81.377"/>
  <testcase classname="automationPracticeTest.FE.LoginFeature" name="loginValidation" time="28.307"/>
  <testcase classname="automationPracticeTest.FE.LoginFeature" name="loginValidation" time="13.537"/>
  <testcase classname="automationPracticeTest.FE.LoginFeature" name="loginValidation" time="12.218"/>
  <testcase classname="automationPracticeTest.FE.ProductPurchase" name="productQuantityValidation" time="69.946">
    <failure type="java.lang.AssertionError" message="expected [Negative quantity.] but found [null]">
      <![CDATA[java.lang.AssertionError: expected [Negative quantity.] but found [null]
at automationPracticeTest.FE.ProductPurchase.productQuantityValidation(ProductPurchase.java:108)
at java.base/java.util.concurrent.ThreadPoolExecutor.runWorker(ThreadPoolExecutor.java:1136)
at java.base/java.util.concurrent.ThreadPoolExecutor$Worker.run(ThreadPoolExecutor.java:635)
at java.base/java.lang.Thread.run(Thread.java:833)
... Removed 18 stack frames]]>
    </failure>
  </testcase> <!-- productQuantityValidation -->
  <testcase classname="automationPracticeTest.FE.LoginFeature" name="loginValidation" time="15.006"/>
  <testcase classname="automationPracticeTest.FE.LoginFeature" name="loginValidation" time="31.626"/>
  <testcase classname="automationPracticeTest.FE.LoginFeature" name="loginValidation" time="21.814"/>
  <testcase classname="automationPracticeTest.FE.LoginFeature" name="accountCreationUsingInvalidPersonalData" time="12.591"/>
  <testcase classname="automationPracticeTest.FE.ProductPurchase" name="validationOfProductSorting" time="82.635">
    <failure type="java.lang.AssertionError" message="Products should be in a descending order expected [true] but found [false]">
      <![CDATA[java.lang.AssertionError: Products should be in a descending order expected [true] but found [false]
at automationPracticeTest.FE.ProductPurchase.validationOfProductSorting(ProductPurchase.java:91)
at java.base/java.util.concurrent.ThreadPoolExecutor.runWorker(ThreadPoolExecutor.java:1136)
at java.base/java.util.concurrent.ThreadPoolExecutor$Worker.run(ThreadPoolExecutor.java:635)
at java.base/java.lang.Thread.run(Thread.java:833)
... Removed 15 stack frames]]>
    </failure>
  </testcase> <!-- validationOfProductSorting -->
  <testcase classname="automationPracticeTest.FE.LoginFeature" name="accountCreationUsingInvalidPersonalData" time="19.696"/>
  <testcase classname="automationPracticeTest.FE.LoginFeature" name="accountCreationUsingInvalidPersonalData" time="27.631"/>
  <testcase classname="automationPracticeTest.FE.LoginFeature" name="accountCreationUsingInvalidPersonalData" time="27.692"/>
  <testcase classname="automationPracticeTest.FE.LoginFeature" name="loginWithDataCreated" time="34.692"/>
  <testcase classname="automationPracticeTest.FE.ProductPurchase" name="productPurchase_E2E" time="110.245"/>
  <testcase classname="automationPracticeTest.FE.ProductPurchase" name="validateDownloadingInvoicePDF" time="28.275"/>
  <testcase classname="automationPracticeTest.FE.LoginFeature" name="accountCreationUsingRegisteredEmail" time="56.85"/>
</testsuite> <!-- Regression -->
